<?xml version="1.0" encoding="UTF-8"?>
<!-- Generated by org.testng.reporters.JUnitXMLReporter -->
<testsuite ignored="0" hostname="DESKTOP-H369NVH" failures="0" tests="2" name="Sample Test Cases" time="34.394" errors="0" timestamp="2022-03-11T15:33:57 IST">
  <testcase classname="com.qa.testcase.LoginPageTest" name="To_Verify_the_valid_Url" time="0.017"/>
  <testcase classname="com.qa.testcase.LoginPageTest" name="To_Verify_the_valid_Login" time="3.805"/>
</testsuite> <!-- Sample Test Cases -->
