<?xml version="1.0" encoding="UTF-8"?>
<!-- Generated by org.testng.reporters.JUnitXMLReporter -->
<testsuite hostname="LAPTOP-LN3RH12N" ignored="0" name="Sample Test Cases" tests="6" failures="0" timestamp="19 Jan 2020 17:44:41 GMT" time="77.651" errors="0">
  <testcase name="vaidlogin" time="9.942" classname="com.qa.testcase.LoginPageTest"/>
  <testcase name="vaidlogin" time="5.467" classname="com.qa.testcase.LoginPageTest"/>
  <testcase name="vaidlogin" time="0.193" classname="com.qa.testcase.LoginPageTest"/>
  <testcase name="vaidlogin" time="0.183" classname="com.qa.testcase.LoginPageTest"/>
  <testcase name="vaidlogin" time="12.972" classname="com.qa.testcase.LoginPageTest"/>
  <testcase name="validateTitle" time="0.019" classname="com.qa.testcase.LoginPageTest"/>
</testsuite> <!-- Sample Test Cases -->
